Build started 1/16/2018 3:19:34 PM.
     1>Project "C:\serge\Vanier\courses\247-404-VA_Advanced Programming in C Language\projects\Visual_studio_Allegro\Lab_intro_allegro\win32_project2\win32_project2.vcxproj" on node 2 (build target(s)).
     1>InitializeBuildStatus:
         Creating "Release\win32_project2.unsuccessfulbuild" because "AlwaysCreate" was specified.
       ClCompile:
         c:\Program Files (x86)\Microsoft Visual Studio 10.0\VC\bin\CL.exe /c /Zi /nologo /W3 /WX- /O2 /Oi /Oy- /GL /D WIN32 /D NDEBUG /D _WINDOWS /D _UNICODE /D UNICODE /Gm- /EHsc /MD /GS /Gy /fp:precise /Zc:wchar_t /Zc:forScope /Fo"Release\\" /Fd"Release\vc100.pdb" /Gd /TP /analyze- /errorReport:prompt lab1_main.cpp
         lab1_main.cpp
       Link:
         c:\Program Files (x86)\Microsoft Visual Studio 10.0\VC\bin\link.exe /ERRORREPORT:PROMPT /OUT:"C:\serge\Vanier\courses\247-404-VA_Advanced Programming in C Language\projects\Visual_studio_Allegro\Lab_intro_allegro\Release\win32_project2.exe" /INCREMENTAL:NO /NOLOGO "allegro-4.4.2-md.lib" kernel32.lib user32.lib gdi32.lib winspool.lib comdlg32.lib advapi32.lib shell32.lib ole32.lib oleaut32.lib uuid.lib odbc32.lib odbccp32.lib /MANIFEST /ManifestFile:"Release\win32_project2.exe.intermediate.manifest" /MANIFESTUAC:"level='asInvoker' uiAccess='false'" /DEBUG /PDB:"C:\serge\Vanier\courses\247-404-VA_Advanced Programming in C Language\projects\Visual_studio_Allegro\Lab_intro_allegro\Release\win32_project2.pdb" /SUBSYSTEM:WINDOWS /OPT:REF /OPT:ICF /LTCG /TLBID:1 /DYNAMICBASE /NXCOMPAT /IMPLIB:"C:\serge\Vanier\courses\247-404-VA_Advanced Programming in C Language\projects\Visual_studio_Allegro\Lab_intro_allegro\Release\win32_project2.lib" /MACHINE:X86 Release\lab1_main.obj
         Generating code
         Finished generating code
         win32_project2.vcxproj -> C:\serge\Vanier\courses\247-404-VA_Advanced Programming in C Language\projects\Visual_studio_Allegro\Lab_intro_allegro\Release\win32_project2.exe
       Manifest:
         C:\Program Files (x86)\Microsoft SDKs\Windows\v7.0A\bin\mt.exe /nologo /verbose /outputresource:"C:\serge\Vanier\courses\247-404-VA_Advanced Programming in C Language\projects\Visual_studio_Allegro\Lab_intro_allegro\Release\win32_project2.exe;#1" /manifest Release\win32_project2.exe.intermediate.manifest
       FinalizeBuildStatus:
         Deleting file "Release\win32_project2.unsuccessfulbuild".
         Touching "Release\win32_project2.lastbuildstate".
     1>Done Building Project "C:\serge\Vanier\courses\247-404-VA_Advanced Programming in C Language\projects\Visual_studio_Allegro\Lab_intro_allegro\win32_project2\win32_project2.vcxproj" (build target(s)).

Build succeeded.

Time Elapsed 00:00:01.47
