Build started 1/16/2018 3:19:26 PM.
     1>Project "C:\serge\Vanier\courses\247-404-VA_Advanced Programming in C Language\projects\Visual_studio_Allegro\Lab_intro_allegro\win32_project2\win32_project2.vcxproj" on node 2 (build target(s)).
     1>InitializeBuildStatus:
         Creating "Debug\win32_project2.unsuccessfulbuild" because "AlwaysCreate" was specified.
       ClCompile:
         c:\Program Files (x86)\Microsoft Visual Studio 10.0\VC\bin\CL.exe /c /Zi /nologo /W3 /WX- /Od /Oy- /D WIN32 /D _DEBUG /D _WINDOWS /Gm /EHsc /RTC1 /MDd /GS /fp:precise /Zc:wchar_t /Zc:forScope /Fo"Debug\\" /Fd"Debug\vc100.pdb" /Gd /TP /analyze- /errorReport:prompt lab1_main.cpp
         lab1_main.cpp
       ManifestResourceCompile:
         All outputs are up-to-date.
       Link:
         c:\Program Files (x86)\Microsoft Visual Studio 10.0\VC\bin\link.exe /ERRORREPORT:PROMPT /OUT:"C:\serge\Vanier\courses\247-404-VA_Advanced Programming in C Language\projects\Visual_studio_Allegro\Lab_intro_allegro\Debug\win32_project2.exe" /INCREMENTAL /NOLOGO "allegro-4.4.2-md.lib" kernel32.lib user32.lib gdi32.lib winspool.lib comdlg32.lib advapi32.lib shell32.lib ole32.lib oleaut32.lib uuid.lib odbc32.lib odbccp32.lib /MANIFEST /ManifestFile:"Debug\win32_project2.exe.intermediate.manifest" /MANIFESTUAC:"level='asInvoker' uiAccess='false'" /DEBUG /PDB:"C:\serge\Vanier\courses\247-404-VA_Advanced Programming in C Language\projects\Visual_studio_Allegro\Lab_intro_allegro\Debug\win32_project2.pdb" /SUBSYSTEM:WINDOWS /TLBID:1 /DYNAMICBASE /NXCOMPAT /IMPLIB:"C:\serge\Vanier\courses\247-404-VA_Advanced Programming in C Language\projects\Visual_studio_Allegro\Lab_intro_allegro\Debug\win32_project2.lib" /MACHINE:X86 Debug\win32_project2.exe.embed.manifest.res
         Debug\lab1_main.obj
       Manifest:
         C:\Program Files (x86)\Microsoft SDKs\Windows\v7.0A\bin\mt.exe /nologo /verbose /out:"Debug\win32_project2.exe.embed.manifest" /manifest Debug\win32_project2.exe.intermediate.manifest
         All outputs are up-to-date.
       LinkEmbedManifest:
         All outputs are up-to-date.
         win32_project2.vcxproj -> C:\serge\Vanier\courses\247-404-VA_Advanced Programming in C Language\projects\Visual_studio_Allegro\Lab_intro_allegro\Debug\win32_project2.exe
       FinalizeBuildStatus:
         Deleting file "Debug\win32_project2.unsuccessfulbuild".
         Touching "Debug\win32_project2.lastbuildstate".
     1>Done Building Project "C:\serge\Vanier\courses\247-404-VA_Advanced Programming in C Language\projects\Visual_studio_Allegro\Lab_intro_allegro\win32_project2\win32_project2.vcxproj" (build target(s)).

Build succeeded.

Time Elapsed 00:00:01.10
