C:\SERGE\VANIER\COURSES\247-404-VA_ADVANCED PROGRAMMING IN C LANGUAGE\W15\LABS\VISUAL_STUDIO_ALLEGRO\LAB_INTRO_ALLEGRO\DEBUG\WIN32_PROJECT2.EXE
C:\SERGE\VANIER\COURSES\247-404-VA_ADVANCED PROGRAMMING IN C LANGUAGE\W15\LABS\VISUAL_STUDIO_ALLEGRO\LAB_INTRO_ALLEGRO\DEBUG\WIN32_PROJECT2.ILK
C:\SERGE\VANIER\COURSES\247-404-VA_ADVANCED PROGRAMMING IN C LANGUAGE\W15\LABS\VISUAL_STUDIO_ALLEGRO\LAB_INTRO_ALLEGRO\DEBUG\WIN32_PROJECT2.PDB
C:\serge\Vanier\courses\247-404-VA_Advanced Programming in C Language\W15\labs\Visual_studio_Allegro\Lab_intro_allegro\win32_project2\Debug\cl.command.1.tlog
C:\serge\Vanier\courses\247-404-VA_Advanced Programming in C Language\W15\labs\Visual_studio_Allegro\Lab_intro_allegro\win32_project2\Debug\CL.read.1.tlog
C:\serge\Vanier\courses\247-404-VA_Advanced Programming in C Language\W15\labs\Visual_studio_Allegro\Lab_intro_allegro\win32_project2\Debug\CL.write.1.tlog
C:\serge\Vanier\courses\247-404-VA_Advanced Programming in C Language\W15\labs\Visual_studio_Allegro\Lab_intro_allegro\win32_project2\Debug\link.10284.read.1.tlog
C:\serge\Vanier\courses\247-404-VA_Advanced Programming in C Language\W15\labs\Visual_studio_Allegro\Lab_intro_allegro\win32_project2\Debug\link.10284.write.1.tlog
C:\serge\Vanier\courses\247-404-VA_Advanced Programming in C Language\W15\labs\Visual_studio_Allegro\Lab_intro_allegro\win32_project2\Debug\link.10284-cvtres.read.1.tlog
C:\serge\Vanier\courses\247-404-VA_Advanced Programming in C Language\W15\labs\Visual_studio_Allegro\Lab_intro_allegro\win32_project2\Debug\link.10284-cvtres.write.1.tlog
C:\serge\Vanier\courses\247-404-VA_Advanced Programming in C Language\W15\labs\Visual_studio_Allegro\Lab_intro_allegro\win32_project2\Debug\link.13532.read.1.tlog
C:\serge\Vanier\courses\247-404-VA_Advanced Programming in C Language\W15\labs\Visual_studio_Allegro\Lab_intro_allegro\win32_project2\Debug\link.13532.write.1.tlog
C:\serge\Vanier\courses\247-404-VA_Advanced Programming in C Language\W15\labs\Visual_studio_Allegro\Lab_intro_allegro\win32_project2\Debug\link.13532-cvtres.read.1.tlog
C:\serge\Vanier\courses\247-404-VA_Advanced Programming in C Language\W15\labs\Visual_studio_Allegro\Lab_intro_allegro\win32_project2\Debug\link.13532-cvtres.write.1.tlog
C:\serge\Vanier\courses\247-404-VA_Advanced Programming in C Language\W15\labs\Visual_studio_Allegro\Lab_intro_allegro\win32_project2\Debug\link.13588.read.1.tlog
C:\serge\Vanier\courses\247-404-VA_Advanced Programming in C Language\W15\labs\Visual_studio_Allegro\Lab_intro_allegro\win32_project2\Debug\link.13588.write.1.tlog
C:\serge\Vanier\courses\247-404-VA_Advanced Programming in C Language\W15\labs\Visual_studio_Allegro\Lab_intro_allegro\win32_project2\Debug\link.13588-cvtres.read.1.tlog
C:\serge\Vanier\courses\247-404-VA_Advanced Programming in C Language\W15\labs\Visual_studio_Allegro\Lab_intro_allegro\win32_project2\Debug\link.13588-cvtres.write.1.tlog
C:\serge\Vanier\courses\247-404-VA_Advanced Programming in C Language\W15\labs\Visual_studio_Allegro\Lab_intro_allegro\win32_project2\Debug\link.2128.read.1.tlog
C:\serge\Vanier\courses\247-404-VA_Advanced Programming in C Language\W15\labs\Visual_studio_Allegro\Lab_intro_allegro\win32_project2\Debug\link.2128.write.1.tlog
C:\serge\Vanier\courses\247-404-VA_Advanced Programming in C Language\W15\labs\Visual_studio_Allegro\Lab_intro_allegro\win32_project2\Debug\link.2128-cvtres.read.1.tlog
C:\serge\Vanier\courses\247-404-VA_Advanced Programming in C Language\W15\labs\Visual_studio_Allegro\Lab_intro_allegro\win32_project2\Debug\link.2128-cvtres.write.1.tlog
C:\serge\Vanier\courses\247-404-VA_Advanced Programming in C Language\W15\labs\Visual_studio_Allegro\Lab_intro_allegro\win32_project2\Debug\link.command.1.tlog
C:\serge\Vanier\courses\247-404-VA_Advanced Programming in C Language\W15\labs\Visual_studio_Allegro\Lab_intro_allegro\win32_project2\Debug\link.read.1.tlog
C:\serge\Vanier\courses\247-404-VA_Advanced Programming in C Language\W15\labs\Visual_studio_Allegro\Lab_intro_allegro\win32_project2\Debug\link.write.1.tlog
C:\serge\Vanier\courses\247-404-VA_Advanced Programming in C Language\W15\labs\Visual_studio_Allegro\Lab_intro_allegro\win32_project2\Debug\link-cvtres.read.1.tlog
C:\serge\Vanier\courses\247-404-VA_Advanced Programming in C Language\W15\labs\Visual_studio_Allegro\Lab_intro_allegro\win32_project2\Debug\link-cvtres.write.1.tlog
C:\SERGE\VANIER\COURSES\247-404-VA_ADVANCED PROGRAMMING IN C LANGUAGE\W15\LABS\VISUAL_STUDIO_ALLEGRO\LAB_INTRO_ALLEGRO\WIN32_PROJECT2\DEBUG\MOVESQUARE -SERIAL_RX2.OBJ
C:\SERGE\VANIER\COURSES\247-404-VA_ADVANCED PROGRAMMING IN C LANGUAGE\W15\LABS\VISUAL_STUDIO_ALLEGRO\LAB_INTRO_ALLEGRO\WIN32_PROJECT2\DEBUG\MOVESQUARE.OBJ
C:\serge\Vanier\courses\247-404-VA_Advanced Programming in C Language\W15\labs\Visual_studio_Allegro\Lab_intro_allegro\win32_project2\Debug\mt.command.1.tlog
C:\serge\Vanier\courses\247-404-VA_Advanced Programming in C Language\W15\labs\Visual_studio_Allegro\Lab_intro_allegro\win32_project2\Debug\mt.read.1.tlog
C:\serge\Vanier\courses\247-404-VA_Advanced Programming in C Language\W15\labs\Visual_studio_Allegro\Lab_intro_allegro\win32_project2\Debug\mt.write.1.tlog
C:\serge\Vanier\courses\247-404-VA_Advanced Programming in C Language\W15\labs\Visual_studio_Allegro\Lab_intro_allegro\win32_project2\Debug\rc.command.1.tlog
C:\serge\Vanier\courses\247-404-VA_Advanced Programming in C Language\W15\labs\Visual_studio_Allegro\Lab_intro_allegro\win32_project2\Debug\rc.read.1.tlog
C:\serge\Vanier\courses\247-404-VA_Advanced Programming in C Language\W15\labs\Visual_studio_Allegro\Lab_intro_allegro\win32_project2\Debug\rc.write.1.tlog
C:\serge\Vanier\courses\247-404-VA_Advanced Programming in C Language\W15\labs\Visual_studio_Allegro\Lab_intro_allegro\win32_project2\Debug\vc100.idb
C:\SERGE\VANIER\COURSES\247-404-VA_ADVANCED PROGRAMMING IN C LANGUAGE\W15\LABS\VISUAL_STUDIO_ALLEGRO\LAB_INTRO_ALLEGRO\WIN32_PROJECT2\DEBUG\VC100.PDB
C:\SERGE\VANIER\COURSES\247-404-VA_ADVANCED PROGRAMMING IN C LANGUAGE\W15\LABS\VISUAL_STUDIO_ALLEGRO\LAB_INTRO_ALLEGRO\WIN32_PROJECT2\DEBUG\WIN32_PROJECT2.EXE.EMBED.MANIFEST
C:\SERGE\VANIER\COURSES\247-404-VA_ADVANCED PROGRAMMING IN C LANGUAGE\W15\LABS\VISUAL_STUDIO_ALLEGRO\LAB_INTRO_ALLEGRO\WIN32_PROJECT2\DEBUG\WIN32_PROJECT2.EXE.EMBED.MANIFEST.RES
C:\SERGE\VANIER\COURSES\247-404-VA_ADVANCED PROGRAMMING IN C LANGUAGE\W15\LABS\VISUAL_STUDIO_ALLEGRO\LAB_INTRO_ALLEGRO\WIN32_PROJECT2\DEBUG\WIN32_PROJECT2.EXE.INTERMEDIATE.MANIFEST
C:\serge\Vanier\courses\247-404-VA_Advanced Programming in C Language\W15\labs\Visual_studio_Allegro\Lab_intro_allegro\win32_project2\Debug\win32_project2.vcxprojResolveAssemblyReference.cache
C:\serge\Vanier\courses\247-404-VA_Advanced Programming in C Language\W15\labs\Visual_studio_Allegro\Lab_intro_allegro\win32_project2\Debug\win32_project2.write.1.tlog
C:\serge\Vanier\courses\247-404-VA_Advanced Programming in C Language\W15\labs\Visual_studio_Allegro\Lab_intro_allegro\win32_project2\Debug\win32_project2_manifest.rc
